---- Sat Aug 30 17:17:41 +01 2025 : ุชุดุบูู ุงูุณูุฑูุจุช ----
โน๏ธ Fake Swap ููุฌูุฏ ูู ูุจู.
---- Sat Aug 30 17:17:41 +01 2025 : ุจุฏุก ุฏูุฑุฉ ุชูุธูู ----
โณ ุชูุธูู RAM ุฌุงุฑู...
Sat Aug 30 17:17:41 +01 2025 : โ๏ธ ุตูุงุญูุงุช root ุบูุฑ ูุชุงุญุฉ. ุชูุธูู ุงููุงุด ูุญุฏูุฏ.
๐ Top 5 ุงูุชุทุจููุงุช ุงูุซูููุฉ:
  PID %MEM COMMAND
11157  0.0 head
11136  0.0 ./ram_swap_notify.sh
31086  0.0 /data/data/com.termux/files/usr/bin/bash
11156  0.0 ps
11155  0.0 ./ram_swap_notify.sh
๐ ุญุงูุฉ ุงูุฐุงูุฑุฉ:
               total        used        free      shared  buff/cache   available
Mem:           5.4Gi       3.4Gi       144Mi        49Mi       1.8Gi       1.7Gi
Swap:          4.0Gi       2.2Gi       1.8Gi
---- Sat Aug 30 17:17:42 +01 2025 : Fake Swap Check ----
---- ููุงูุฉ ุงูุฏูุฑุฉ ----
โฑ๏ธ ุงูุงูุชุธุงุฑ 300 ุซุงููุฉ ูุจู ุงูุฏูุฑุฉ ุงูุชุงููุฉ...
---- Sat Aug 30 17:19:43 +01 2025 : ุชุดุบูู ุงูุณูุฑูุจุช ----
โน๏ธ Fake Swap ููุฌูุฏ ูู ูุจู.
---- Sat Aug 30 17:19:43 +01 2025 : ุจุฏุก ุฏูุฑุฉ ุชูุธูู ----
โณ ุชูุธูู RAM ุฌุงุฑู...
Sat Aug 30 17:19:43 +01 2025 : โ๏ธ ุตูุงุญูุงุช root ุบูุฑ ูุชุงุญุฉ. ุชูุธูู ุงููุงุด ูุญุฏูุฏ.
๐ Top 5 ุงูุชุทุจููุงุช ุงูุซูููุฉ:
  PID %MEM COMMAND
12323  0.0 head
12300  0.0 ./ram_swap_notify.sh
31086  0.0 /data/data/com.termux/files/usr/bin/bash
12322  0.0 ps
12321  0.0 ./ram_swap_notify.sh
๐ ุญุงูุฉ ุงูุฐุงูุฑุฉ:
               total        used        free      shared  buff/cache   available
Mem:           5.4Gi       3.4Gi       182Mi        57Mi       1.8Gi       1.7Gi
Swap:          4.0Gi       2.2Gi       1.8Gi
---- Sat Aug 30 17:19:44 +01 2025 : Fake Swap Check ----
---- ููุงูุฉ ุงูุฏูุฑุฉ ----
โฑ๏ธ ุงูุงูุชุธุงุฑ 300 ุซุงููุฉ ูุจู ุงูุฏูุฑุฉ ุงูุชุงููุฉ...
